KMEANS (Para la muestra TestIris01.txt): 

>>>>>>>>>>>>>>>>>>Iteracion 1

>>> Vector v de la clase Iris-setosa
[[5.40462272 3.08274042 2.81095126 0.77962208]]
>>> Vector v de la clase Iris-versicolor
[[5.51721187 3.06669486 2.94123184 0.79768901]]
>>> Matriz U
[[0.54402188 0.45597812]
 [0.54642191 0.45357809]
 [0.54422745 0.45577255]
 [0.54804264 0.45195736]
 [0.5435682  0.4564318 ]
 [0.54049763 0.45950237]
 [0.54634284 0.45365716]
 [0.54813545 0.45186455]
 [0.54331612 0.45668388]
 [0.54743724 0.45256276]
 [0.53913215 0.46086785]
 [0.55079328 0.44920672]
 [0.54478845 0.45521155]
 [0.53741168 0.46258832]
 [0.52487217 0.47512783]
 [0.52336487 0.47663513]
 [0.53492986 0.46507014]
 [0.54542493 0.45457507]
 [0.53316489 0.46683511]
 [0.54298221 0.45701779]
 [0.5476328  0.4523672 ]
 [0.54604044 0.45395956]
 [0.5368452  0.4631548 ]
 [0.56123164 0.43876836]
 [0.55878304 0.44121696]
 [0.55171084 0.44828916]
 [0.55471623 0.44528377]
 [0.54528349 0.45471651]
 [0.54387773 0.45612227]
 [0.55132878 0.44867122]
 [0.55200615 0.44799385]
 [0.54588342 0.45411658]
 [0.53398669 0.46601331]
 [0.52849427 0.47150573]
 [0.54743724 0.45256276]
 [0.54170752 0.45829248]
 [0.53615141 0.46384859]
 [0.54743724 0.45256276]
 [0.54210075 0.45789925]
 [0.54746167 0.45253833]
 [0.54367886 0.45632114]
 [0.53642735 0.46357265]
 [0.54239698 0.45760302]
 [0.5553005  0.4446995 ]
 [0.55274213 0.44725787]
 [0.54783606 0.45216394]
 [0.54342123 0.45657877]
 [0.54588151 0.45411849]
 [0.54091906 0.45908094]
 [0.54621594 0.45378406]
 [0.46553593 0.53446407]
 [0.45947159 0.54052841]
 [0.46721129 0.53278871]
 [0.45958302 0.54041698]
 [0.46133672 0.53866328]
 [0.45851435 0.54148565]
 [0.46385991 0.53614009]
 [0.49664682 0.50335318]
 [0.46006918 0.53993082]
 [0.46304539 0.53695461]
 [0.48605498 0.51394502]
 [0.45213044 0.54786956]
 [0.4525603  0.5474397 ]
 [0.4610043  0.5389957 ]
 [0.42762739 0.57237261]
 [0.45887755 0.54112245]
 [0.46201103 0.53798897]
 [0.44255006 0.55744994]
 [0.4639554  0.5360446 ]
 [0.44545811 0.55454189]
 [0.4679831  0.5320169 ]
 [0.44245726 0.55754274]
 [0.46631715 0.53368285]
 [0.45969538 0.54030462]
 [0.45274466 0.54725534]
 [0.45769225 0.54230775]
 [0.46497701 0.53502299]
 [0.46851414 0.53148586]
 [0.45853518 0.54146482]
 [0.4173784  0.5826216 ]
 [0.45009482 0.54990518]
 [0.44680003 0.55319997]
 [0.43751722 0.56248278]
 [0.46929334 0.53070666]
 [0.4653861  0.5346139 ]
 [0.4619259  0.5380741 ]
 [0.46376856 0.53623144]
 [0.45961104 0.54038896]
 [0.44822619 0.55177381]
 [0.45459197 0.54540803]
 [0.46001664 0.53998336]
 [0.45901571 0.54098429]
 [0.44392713 0.55607287]
 [0.49062669 0.50937331]
 [0.45338353 0.54661647]
 [0.44779034 0.55220966]
 [0.44988282 0.55011718]
 [0.45114318 0.54885682]
 [0.50830949 0.49169051]
 [0.4473535  0.5526465 ]]
>>>>>>>>>>>>>>>>>>Iteracion 2

>>> Vector v de la clase Iris-setosa
[[5.38803035 3.14452319 2.62694498 0.69447868]]
>>> Vector v de la clase Iris-versicolor
[[5.55432593 3.04264829 3.09891871 0.87614414]]
>>> Matriz U
[[0.65737613 0.34262387]
 [0.65257393 0.34742607]
 [0.64186512 0.35813488]
 [0.64758316 0.35241684]
 [0.6526923  0.3473077 ]
 [0.65985624 0.34014376]
 [0.64456733 0.35543267]
 [0.66589363 0.33410637]
 [0.62766372 0.37233628]
 [0.65830823 0.34169177]
 [0.65553315 0.34446685]
 [0.66538113 0.33461887]
 [0.64590936 0.35409064]
 [0.61346467 0.38653533]
 [0.61296883 0.38703117]
 [0.60528708 0.39471292]
 [0.63578912 0.36421088]
 [0.6601979  0.3398021 ]
 [0.65160916 0.34839084]
 [0.65430155 0.34569845]
 [0.68695914 0.31304086]
 [0.66185046 0.33814954]
 [0.6205691  0.3794309 ]
 [0.70248914 0.29751086]
 [0.68638014 0.31361986]
 [0.67200947 0.32799053]
 [0.68183514 0.31816486]
 [0.66639884 0.33360116]
 [0.66028358 0.33971642]
 [0.66076844 0.33923156]
 [0.66547844 0.33452156]
 [0.67359072 0.32640928]
 [0.63125404 0.36874596]
 [0.61963416 0.38036584]
 [0.65830823 0.34169177]
 [0.64355332 0.35644668]
 [0.64556416 0.35443584]
 [0.65830823 0.34169177]
 [0.62610189 0.37389811]
 [0.66815261 0.33184739]
 [0.65062306 0.34937694]
 [0.6048031  0.3951969 ]
 [0.62855711 0.37144289]
 [0.67930751 0.32069249]
 [0.68426304 0.31573696]
 [0.65140878 0.34859122]
 [0.65788267 0.34211733]
 [0.64317078 0.35682922]
 [0.6572351  0.3427649 ]
 [0.65885071 0.34114929]
 [0.40103932 0.59896068]
 [0.37360548 0.62639452]
 [0.40198211 0.59801789]
 [0.34176769 0.65823231]
 [0.37878115 0.62121885]
 [0.35205166 0.64794834]
 [0.38311052 0.61688948]
 [0.40116919 0.59883081]
 [0.37993596 0.62006404]
 [0.33018431 0.66981569]
 [0.40409909 0.59590091]
 [0.33589411 0.66410589]
 [0.34850258 0.65149742]
 [0.37050871 0.62949129]
 [0.24215793 0.75784207]
 [0.37964402 0.62035598]
 [0.35812084 0.64187916]
 [0.31242114 0.68757886]
 [0.37867369 0.62132631]
 [0.30564027 0.69435973]
 [0.38525369 0.61474631]
 [0.31905162 0.68094838]
 [0.38831275 0.61168725]
 [0.36873443 0.63126557]
 [0.35683641 0.64316359]
 [0.37376014 0.62623986]
 [0.39457496 0.60542504]
 [0.40075016 0.59924984]
 [0.35897077 0.64102923]
 [0.23945311 0.76054689]
 [0.31242928 0.68757072]
 [0.30434611 0.69565389]
 [0.29179334 0.70820666]
 [0.39217683 0.60782317]
 [0.36269487 0.63730513]
 [0.37108204 0.62891796]
 [0.39023989 0.60976011]
 [0.37086588 0.62913412]
 [0.31301348 0.68698652]
 [0.32477984 0.67522016]
 [0.34997687 0.65002313]
 [0.36500681 0.63499319]
 [0.31033534 0.68966466]
 [0.39341565 0.60658435]
 [0.32893495 0.67106505]
 [0.31999058 0.68000942]
 [0.32347534 0.67652466]
 [0.34646242 0.65353758]
 [0.41149843 0.58850157]
 [0.31434085 0.68565915]]
>>>>>>>>>>>>>>>>>>Iteracion 3

>>> Vector v de la clase Iris-setosa
[[5.22982606 3.27065853 2.1189832  0.49677388]]
>>> Vector v de la clase Iris-versicolor
[[5.70917126 2.91230426 3.61006315 1.07497386]]
>>> Matriz U
[[0.90420769 0.09579231]
 [0.88913905 0.11086095]
 [0.87335637 0.12664363]
 [0.87846007 0.12153993]
 [0.8963357  0.1036643 ]
 [0.89456496 0.10543504]
 [0.8776761  0.1223239 ]
 [0.91679887 0.08320113]
 [0.83729363 0.16270637]
 [0.89980233 0.10019767]
 [0.89657662 0.10342338]
 [0.91306977 0.08693023]
 [0.87734533 0.12265467]
 [0.81248177 0.18751823]
 [0.81270015 0.18729985]
 [0.79035221 0.20964779]
 [0.86130832 0.13869168]
 [0.9084297  0.0915703 ]
 [0.87561459 0.12438541]
 [0.89627451 0.10372549]
 [0.93883121 0.06116879]
 [0.90856683 0.09143317]
 [0.83414927 0.16585073]
 [0.95882206 0.04117794]
 [0.93371594 0.06628406]
 [0.91663951 0.08336049]
 [0.93764374 0.06235626]
 [0.91733447 0.08266553]
 [0.90802677 0.09197323]
 [0.90181656 0.09818344]
 [0.90843266 0.09156734]
 [0.92284756 0.07715244]
 [0.85193276 0.14806724]
 [0.82665182 0.17334818]
 [0.89980233 0.10019767]
 [0.87847778 0.12152222]
 [0.88008968 0.11991032]
 [0.89980233 0.10019767]
 [0.83726111 0.16273889]
 [0.92027411 0.07972589]
 [0.89278235 0.10721765]
 [0.78065683 0.21934317]
 [0.84467977 0.15532023]
 [0.92992017 0.07007983]
 [0.92758045 0.07241955]
 [0.88592828 0.11407172]
 [0.90112919 0.09887081]
 [0.87368553 0.12631447]
 [0.90092361 0.09907639]
 [0.90538586 0.09461414]
 [0.22276187 0.77723813]
 [0.15993987 0.84006013]
 [0.22197516 0.77802484]
 [0.10676368 0.89323632]
 [0.16661193 0.83338807]
 [0.1123601  0.8876399 ]
 [0.17865135 0.82134865]
 [0.2883473  0.7116527 ]
 [0.17146494 0.82853506]
 [0.10274364 0.89725636]
 [0.26114871 0.73885129]
 [0.08904782 0.91095218]
 [0.11935711 0.88064289]
 [0.14732334 0.85267666]
 [0.01977695 0.98022305]
 [0.17543318 0.82456682]
 [0.12594751 0.87405249]
 [0.05831072 0.94168928]
 [0.164145   0.835855  ]
 [0.05880796 0.94119204]
 [0.18075309 0.81924691]
 [0.0665526  0.9334474 ]
 [0.18403731 0.81596269]
 [0.14404196 0.85595804]
 [0.12688961 0.87311039]
 [0.16114155 0.83885845]
 [0.20306843 0.79693157]
 [0.21654664 0.78345336]
 [0.12493079 0.87506921]
 [0.03914727 0.96085273]
 [0.07858343 0.92141657]
 [0.08195022 0.91804978]
 [0.03422977 0.96577023]
 [0.19235744 0.80764256]
 [0.13699203 0.86300797]
 [0.15642802 0.84357198]
 [0.19483311 0.80516689]
 [0.14983805 0.85016195]
 [0.06095747 0.93904253]
 [0.07906882 0.92093118]
 [0.11153969 0.88846031]
 [0.13771945 0.86228055]
 [0.05382027 0.94617973]
 [0.27041101 0.72958899]
 [0.07730627 0.92269373]
 [0.06764484 0.93235516]
 [0.06957739 0.93042261]
 [0.10591574 0.89408426]
 [0.34295706 0.65704294]
 [0.05707237 0.94292763]]
>>>>>>>>>>>>>>>>>>Iteracion 4

>>> Vector v de la clase Iris-setosa
[[5.03690891 3.39731495 1.55293748 0.27756921]]
>>> Vector v de la clase Iris-versicolor
[[5.90490838 2.78315613 4.19651087 1.29961409]]
>>> Matriz U
[[0.99570784 0.00429216]
 [0.97998444 0.02001556]
 [0.98056813 0.01943187]
 [0.97274728 0.02725272]
 [0.99321371 0.00678629]
 [0.95302504 0.04697496]
 [0.98068052 0.01931948]
 [0.99894851 0.00105149]
 [0.94308934 0.05691066]
 [0.98579862 0.01420138]
 [0.97631835 0.02368165]
 [0.99330697 0.00669303]
 [0.97509278 0.02490722]
 [0.93572861 0.06427139]
 [0.91563861 0.08436139]
 [0.88008869 0.11991131]
 [0.95848631 0.04151369]
 [0.99616584 0.00383416]
 [0.93013945 0.06986055]
 [0.98325959 0.01674041]
 [0.9806369  0.0193631 ]
 [0.98828896 0.01171104]
 [0.9620847  0.0379153 ]
 [0.98925828 0.01074172]
 [0.97791198 0.02208802]
 [0.98136168 0.01863832]
 [0.99788192 0.00211808]
 [0.99518066 0.00481934]
 [0.99437794 0.00562206]
 [0.98349918 0.01650082]
 [0.98379267 0.01620733]
 [0.98312184 0.01687816]
 [0.95174824 0.04825176]
 [0.92653239 0.07346761]
 [0.98579862 0.01420138]
 [0.98494702 0.01505298]
 [0.97209617 0.02790383]
 [0.98579862 0.01420138]
 [0.94949807 0.05050193]
 [0.99865493 0.00134507]
 [0.9929259  0.0070741 ]
 [0.8816358  0.1183642 ]
 [0.95900415 0.04099585]
 [0.98639932 0.01360068]
 [0.9626145  0.0373855 ]
 [0.97696191 0.02303809]
 [0.98222052 0.01777948]
 [0.97678279 0.02321721]
 [0.98278754 0.01721246]
 [0.99603782 0.00396218]
 [0.09803844 0.90196156]
 [0.04364525 0.95635475]
 [0.09090817 0.90909183]
 [0.04905551 0.95094449]
 [0.04029109 0.95970891]
 [0.01260407 0.98739593]
 [0.05468641 0.94531359]
 [0.30886613 0.69113387]
 [0.0482165  0.9517835 ]
 [0.07634035 0.92365965]
 [0.24258077 0.75741923]
 [0.00918865 0.99081135]
 [0.05107687 0.94892313]
 [0.02452368 0.97547632]
 [0.07384182 0.92615818]
 [0.06029299 0.93970701]
 [0.02491609 0.97508391]
 [0.01427746 0.98572254]
 [0.04136038 0.95863962]
 [0.03955061 0.96044939]
 [0.05462095 0.94537905]
 [0.00895169 0.99104831]
 [0.04860565 0.95139435]
 [0.02405759 0.97594241]
 [0.02457279 0.97542721]
 [0.04635327 0.95364673]
 [0.07149893 0.92850107]
 [0.08108906 0.91891094]
 [0.01346342 0.98653658]
 [0.10770861 0.89229139]
 [0.06823236 0.93176764]
 [0.09259559 0.90740441]
 [0.01534516 0.98465484]
 [0.05534862 0.94465138]
 [0.03982363 0.96017637]
 [0.0479222  0.9520778 ]
 [0.06716594 0.93283406]
 [0.03480536 0.96519464]
 [0.01830361 0.98169639]
 [0.03391913 0.96608087]
 [0.0247451  0.9752549 ]
 [0.02133612 0.97866388]
 [0.01142211 0.98857789]
 [0.28932118 0.71067882]
 [0.01115473 0.98884527]
 [0.01156655 0.98843345]
 [0.00632774 0.99367226]
 [0.01081616 0.98918384]
 [0.38060392 0.61939608]
 [0.00615511 0.99384489]]
>>>>>>>>>>>>>>>>>>Iteracion 5

>>> Vector v de la clase Iris-setosa
[[5.00653721 3.40485468 1.48679221 0.25260032]]
>>> Vector v de la clase Iris-versicolor
[[5.96377484 2.78839215 4.29366656 1.33480598]]
>>> Matriz U
[[9.97432969e-01 2.56703077e-03]
 [9.83166429e-01 1.68335706e-02]
 [9.85759706e-01 1.42402941e-02]
 [9.76910802e-01 2.30891982e-02]
 [9.95713574e-01 4.28642586e-03]
 [9.51446358e-01 4.85536424e-02]
 [9.85229608e-01 1.47703920e-02]
 [9.99710766e-01 2.89234320e-04]
 [9.50355622e-01 4.96443781e-02]
 [9.88045064e-01 1.19549365e-02]
 [9.76648599e-01 2.33514006e-02]
 [9.94359907e-01 5.64009273e-03]
 [9.79419750e-01 2.05802502e-02]
 [9.45619738e-01 5.43802618e-02]
 [9.20370727e-01 7.96292735e-02]
 [8.83699979e-01 1.16300021e-01]
 [9.61455407e-01 3.85445930e-02]
 [9.97429406e-01 2.57059437e-03]
 [9.28491653e-01 7.15083472e-02]
 [9.84527009e-01 1.54729906e-02]
 [9.77209413e-01 2.27905867e-02]
 [9.88649035e-01 1.13509646e-02]
 [9.70651978e-01 2.93480216e-02]
 [9.85231333e-01 1.47686675e-02]
 [9.75877317e-01 2.41226827e-02]
 [9.81485346e-01 1.85146545e-02]
 [9.96344343e-01 3.65565723e-03]
 [9.95169658e-01 4.83034167e-03]
 [9.95523163e-01 4.47683705e-03]
 [9.85517314e-01 1.44826856e-02]
 [9.85100263e-01 1.48997374e-02]
 [9.81487778e-01 1.85122220e-02]
 [9.55316448e-01 4.46835525e-02]
 [9.30531563e-01 6.94684369e-02]
 [9.88045064e-01 1.19549365e-02]
 [9.89488071e-01 1.05119294e-02]
 [9.74229371e-01 2.57706290e-02]
 [9.88045064e-01 1.19549365e-02]
 [9.57214388e-01 4.27856125e-02]
 [9.98855650e-01 1.14435040e-03]
 [9.95984710e-01 4.01528961e-03]
 [8.91271316e-01 1.08728684e-01]
 [9.66383265e-01 3.36167354e-02]
 [9.84787325e-01 1.52126749e-02]
 [9.59068715e-01 4.09312848e-02]
 [9.80438345e-01 1.95616549e-02]
 [9.82802950e-01 1.71970495e-02]
 [9.81731703e-01 1.82682970e-02]
 [9.83285597e-01 1.67144028e-02]
 [9.98037629e-01 1.96237064e-03]
 [8.27516883e-02 9.17248312e-01]
 [3.29209604e-02 9.67079040e-01]
 [7.49778393e-02 9.25022161e-01]
 [5.74468885e-02 9.42553112e-01]
 [2.86814771e-02 9.71318523e-01]
 [1.01912428e-02 9.89808757e-01]
 [4.22755604e-02 9.57724440e-01]
 [3.28572232e-01 6.71427768e-01]
 [3.63445067e-02 9.63655493e-01]
 [8.90697250e-02 9.10930275e-01]
 [2.58223022e-01 7.41776978e-01]
 [8.52093027e-03 9.91479070e-01]
 [5.53641549e-02 9.44635845e-01]
 [1.50743771e-02 9.84925623e-01]
 [9.22728375e-02 9.07727163e-01]
 [4.87887754e-02 9.51211225e-01]
 [2.16671020e-02 9.78332898e-01]
 [2.11813053e-02 9.78818695e-01]
 [3.37452057e-02 9.66254794e-01]
 [5.22975512e-02 9.47702449e-01]
 [4.34953719e-02 9.56504628e-01]
 [1.16886417e-02 9.88311358e-01]
 [3.62912752e-02 9.63708725e-01]
 [1.55533198e-02 9.84446680e-01]
 [1.78762553e-02 9.82123745e-01]
 [3.58569979e-02 9.64143002e-01]
 [5.70216320e-02 9.42978368e-01]
 [6.52318631e-02 9.34768137e-01]
 [6.99204040e-03 9.93007960e-01]
 [1.28590194e-01 8.71409806e-01]
 [8.32319388e-02 9.16768061e-01]
 [1.10133164e-01 8.89866836e-01]
 [2.57942962e-02 9.74205704e-01]
 [4.27077726e-02 9.57292227e-01]
 [3.79816075e-02 9.62018393e-01]
 [3.94721755e-02 9.60527824e-01]
 [5.30545287e-02 9.46945471e-01]
 [2.83524306e-02 9.71647569e-01]
 [2.49286592e-02 9.75071341e-01]
 [4.35276355e-02 9.56472364e-01]
 [2.65314609e-02 9.73468539e-01]
 [1.28835590e-02 9.87116441e-01]
 [1.92571959e-02 9.80742804e-01]
 [3.09091624e-01 6.90908376e-01]
 [1.58738730e-02 9.84126127e-01]
 [1.56217357e-02 9.84378264e-01]
 [9.90901260e-03 9.90090987e-01]
 [6.46010088e-03 9.93539899e-01]
 [4.00099772e-01 5.99900228e-01]
 [1.22091244e-02 9.87790876e-01]]
>>>>>>>>>>>>>>>>>>Iteracion 6

>>> Vector v de la clase Iris-setosa
[[5.00473554 3.40287337 1.4868635  0.25279482]]
>>> Vector v de la clase Iris-versicolor
[[5.97377666 2.79239071 4.30395    1.3384583 ]]
>>> Matriz U
[[9.97383295e-01 2.61670545e-03]
 [9.83471629e-01 1.65283712e-02]
 [9.86015955e-01 1.39840451e-02]
 [9.77321537e-01 2.26784634e-02]
 [9.95674911e-01 4.32508929e-03]
 [9.51437047e-01 4.85629534e-02]
 [9.85462909e-01 1.45370909e-02]
 [9.99714606e-01 2.85394042e-04]
 [9.51042713e-01 4.89572875e-02]
 [9.88280083e-01 1.17199171e-02]
 [9.76561635e-01 2.34383653e-02]
 [9.94476307e-01 5.52369294e-03]
 [9.79770994e-01 2.02290058e-02]
 [9.46240222e-01 5.37597783e-02]
 [9.20398118e-01 7.96018824e-02]
 [8.83775280e-01 1.16224720e-01]
 [9.61414344e-01 3.85856559e-02]
 [9.97382171e-01 2.61782850e-03]
 [9.28536826e-01 7.14631744e-02]
 [9.84461946e-01 1.55380539e-02]
 [9.77230746e-01 2.27692542e-02]
 [9.88592375e-01 1.14076251e-02]
 [9.70877423e-01 2.91225774e-02]
 [9.85378631e-01 1.46213687e-02]
 [9.76166373e-01 2.38336265e-02]
 [9.81801970e-01 1.81980301e-02]
 [9.96385165e-01 3.61483521e-03]
 [9.95098880e-01 4.90111963e-03]
 [9.95489324e-01 4.51067618e-03]
 [9.85813307e-01 1.41866926e-02]
 [9.85410555e-01 1.45894453e-02]
 [9.81486846e-01 1.85131536e-02]
 [9.55303033e-01 4.46969665e-02]
 [9.30528673e-01 6.94713272e-02]
 [9.88280083e-01 1.17199171e-02]
 [9.89626528e-01 1.03734722e-02]
 [9.74206994e-01 2.57930061e-02]
 [9.88280083e-01 1.17199171e-02]
 [9.57799282e-01 4.22007183e-02]
 [9.98831068e-01 1.16893164e-03]
 [9.95981751e-01 4.01824882e-03]
 [8.92459593e-01 1.07540407e-01]
 [9.66841325e-01 3.31586749e-02]
 [9.84885597e-01 1.51144031e-02]
 [9.59177853e-01 4.08221468e-02]
 [9.80800835e-01 1.91991650e-02]
 [9.82743920e-01 1.72560801e-02]
 [9.82054841e-01 1.79451593e-02]
 [9.83190235e-01 1.68097651e-02]
 [9.98088884e-01 1.91111591e-03]
 [8.09695622e-02 9.19030438e-01]
 [3.16340686e-02 9.68365931e-01]
 [7.31991962e-02 9.26800804e-01]
 [5.94365918e-02 9.40563408e-01]
 [2.74430627e-02 9.72556937e-01]
 [1.03189387e-02 9.89681061e-01]
 [4.08791480e-02 9.59120852e-01]
 [3.33167339e-01 6.66832661e-01]
 [3.50070815e-02 9.64992919e-01]
 [9.16714671e-02 9.08328533e-01]
 [2.62110943e-01 7.37889057e-01]
 [8.57384589e-03 9.91426154e-01]
 [5.65900544e-02 9.43409946e-01]
 [1.41672725e-02 9.85832728e-01]
 [9.50952038e-02 9.04904796e-01]
 [4.73797225e-02 9.52620278e-01]
 [2.16995139e-02 9.78300486e-01]
 [2.23794727e-02 9.77620527e-01]
 [3.33866209e-02 9.66613379e-01]
 [5.45921127e-02 9.45407887e-01]
 [4.24867037e-02 9.57513296e-01]
 [1.20913515e-02 9.87908648e-01]
 [3.52331372e-02 9.64766863e-01]
 [1.47972280e-02 9.85202772e-01]
 [1.70753899e-02 9.82924610e-01]
 [3.45943882e-02 9.65405612e-01]
 [5.54698568e-02 9.44530143e-01]
 [6.35475812e-02 9.36452419e-01]
 [6.42412301e-03 9.93575877e-01]
 [1.32013309e-01 8.67986691e-01]
 [8.60646612e-02 9.13935339e-01]
 [1.13382143e-01 8.86617857e-01]
 [2.74022248e-02 9.72597775e-01]
 [4.16816532e-02 9.58318347e-01]
 [3.83543639e-02 9.61645636e-01]
 [3.85654502e-02 9.61434550e-01]
 [5.14348100e-02 9.48565190e-01]
 [2.80116569e-02 9.71988343e-01]
 [2.60607167e-02 9.73939283e-01]
 [4.54918554e-02 9.54508145e-01]
 [2.74416148e-02 9.72558385e-01]
 [1.20180520e-02 9.87981948e-01]
 [2.06219219e-02 9.79378078e-01]
 [3.13636338e-01 6.86363662e-01]
 [1.69573924e-02 9.83042608e-01]
 [1.63533969e-02 9.83646603e-01]
 [1.06337840e-02 9.89366216e-01]
 [5.97344849e-03 9.94026552e-01]
 [4.04821247e-01 5.95178753e-01]
 [1.32829535e-02 9.86717047e-01]]
>>>>>>>>>>>>>>>>>>Iteracion 7

>>> Vector v de la clase Iris-setosa
[[5.00458929 3.40242304 1.48732167 0.2529961 ]]
>>> Vector v de la clase Iris-versicolor
[[5.97539019 2.79311955 4.30551361 1.33900671]]
>>> Matriz U
[[9.97366586e-01 2.63341444e-03]
 [9.83517524e-01 1.64824763e-02]
 [9.86038394e-01 1.39616056e-02]
 [9.77382043e-01 2.26179574e-02]
 [9.95655327e-01 4.34467255e-03]
 [9.51453854e-01 4.85461458e-02]
 [9.85484595e-01 1.45154045e-02]
 [9.99714395e-01 2.85604719e-04]
 [9.51139873e-01 4.88601273e-02]
 [9.88317608e-01 1.16823924e-02]
 [9.76548731e-01 2.34512690e-02]
 [9.94496768e-01 5.50323247e-03]
 [9.79818885e-01 2.01811148e-02]
 [9.46306733e-01 5.36932667e-02]
 [9.20383753e-01 7.96162465e-02]
 [8.83779845e-01 1.16220155e-01]
 [9.61394384e-01 3.86056161e-02]
 [9.97368812e-01 2.63118813e-03]
 [9.28567875e-01 7.14321252e-02]
 [9.84445943e-01 1.55540566e-02]
 [9.77263577e-01 2.27364231e-02]
 [9.88583467e-01 1.14165326e-02]
 [9.70872202e-01 2.91277985e-02]
 [9.85438444e-01 1.45615558e-02]
 [9.76242359e-01 2.37576409e-02]
 [9.81870053e-01 1.81299472e-02]
 [9.96406963e-01 3.59303728e-03]
 [9.95089460e-01 4.91054014e-03]
 [9.95479911e-01 4.52008887e-03]
 [9.85864112e-01 1.41358880e-02]
 [9.85469037e-01 1.45309632e-02]
 [9.81503249e-01 1.84967514e-02]
 [9.55284869e-01 4.47151310e-02]
 [9.30511890e-01 6.94881096e-02]
 [9.88317608e-01 1.16823924e-02]
 [9.89629868e-01 1.03701323e-02]
 [9.74195818e-01 2.58041824e-02]
 [9.88317608e-01 1.16823924e-02]
 [9.57872533e-01 4.21274666e-02]
 [9.98829037e-01 1.17096251e-03]
 [9.95965645e-01 4.03435532e-03]
 [8.92645063e-01 1.07354937e-01]
 [9.66890714e-01 3.31092858e-02]
 [9.84920116e-01 1.50798837e-02]
 [9.59229400e-01 4.07705998e-02]
 [9.80856211e-01 1.91437890e-02]
 [9.82733761e-01 1.72662389e-02]
 [9.82092351e-01 1.79076486e-02]
 [9.83173789e-01 1.68262115e-02]
 [9.98090441e-01 1.90955931e-03]
 [8.07029715e-02 9.19297029e-01]
 [3.14367544e-02 9.68563246e-01]
 [7.29341770e-02 9.27065823e-01]
 [5.97826260e-02 9.40217374e-01]
 [2.72579442e-02 9.72742056e-01]
 [1.03495237e-02 9.89650476e-01]
 [4.06677732e-02 9.59332227e-01]
 [3.33989894e-01 6.66010106e-01]
 [3.48056693e-02 9.65194331e-01]
 [9.21189671e-02 9.07881033e-01]
 [2.62805823e-01 7.37194177e-01]
 [8.58538324e-03 9.91414617e-01]
 [5.68108957e-02 9.43189104e-01]
 [1.40326034e-02 9.85967397e-01]
 [9.55697881e-02 9.04430212e-01]
 [4.71657391e-02 9.52834261e-01]
 [2.17163179e-02 9.78283682e-01]
 [2.25794732e-02 9.77420527e-01]
 [3.33511392e-02 9.66648861e-01]
 [5.49801345e-02 9.45019865e-01]
 [4.23415819e-02 9.57658418e-01]
 [1.21583746e-02 9.87841625e-01]
 [3.50840480e-02 9.64915952e-01]
 [1.46874074e-02 9.85312593e-01]
 [1.69530427e-02 9.83046957e-01]
 [3.44023081e-02 9.65597692e-01]
 [5.52403135e-02 9.44759686e-01]
 [6.32982920e-02 9.36701708e-01]
 [6.34067001e-03 9.93659330e-01]
 [1.32598741e-01 8.67401259e-01]
 [8.65493194e-02 9.13450681e-01]
 [1.13940079e-01 8.86059921e-01]
 [2.76675560e-02 9.72332444e-01]
 [4.15390792e-02 9.58460921e-01]
 [3.84307554e-02 9.61569245e-01]
 [3.84297914e-02 9.61570209e-01]
 [5.11906164e-02 9.48809384e-01]
 [2.79752592e-02 9.72024741e-01]
 [2.62483763e-02 9.73751624e-01]
 [4.58268638e-02 9.54173136e-01]
 [2.76045251e-02 9.72395475e-01]
 [1.18872768e-02 9.88112723e-01]
 [2.08497519e-02 9.79150248e-01]
 [3.14448086e-01 6.85551914e-01]
 [1.71414418e-02 9.82858558e-01]
 [1.64744766e-02 9.83525523e-01]
 [1.07545104e-02 9.89245490e-01]
 [5.89876509e-03 9.94101235e-01]
 [4.05680369e-01 5.94319631e-01]
 [1.34606527e-02 9.86539347e-01]]
>>> Clasificacion de distancia vector [5.1, 3.5, 1.4, 0.2]
Distancia a la clase Iris-setosa: 0.02905812646398283
Distancia a la clase Iris-versicolor: 11.00533356609781
La prediccion para la muestra es Iris-setosa


KMEANS (Para la muestra TestIris02.txt): 

>>>>>>>>>>>>>>>>>>Iteracion 1

>>> Vector v de la clase Iris-setosa
[[5.43602785 3.14813762 2.72268545 0.73676084]]
>>> Vector v de la clase Iris-versicolor
[[5.53098907 3.00848543 3.11986682 0.88787243]]
>>> Matriz U
[[0.62915169 0.37084831]
 [0.62001293 0.37998707]
 [0.61234626 0.38765374]
 [0.61522508 0.38477492]
 [0.62556397 0.37443603]
 [0.63983108 0.36016892]
 [0.6153488  0.3846512 ]
 [0.63429198 0.36570802]
 [0.59813609 0.40186391]
 [0.62507201 0.37492799]
 [0.63232328 0.36767672]
 [0.63251446 0.36748554]
 [0.61439656 0.38560344]
 [0.5882426  0.4117574 ]
 [0.60079649 0.39920351]
 [0.59797094 0.40202906]
 [0.61731328 0.38268672]
 [0.63151101 0.36848899]
 [0.6353669  0.3646331 ]
 [0.62973812 0.37026188]
 [0.65534611 0.34465389]
 [0.63510093 0.36489907]
 [0.59788503 0.40211497]
 [0.66316228 0.33683772]
 [0.64895315 0.35104685]
 [0.63516819 0.36483181]
 [0.64703645 0.35296355]
 [0.63728757 0.36271243]
 [0.63136845 0.36863155]
 [0.62648004 0.37351996]
 [0.62975107 0.37024893]
 [0.64443958 0.35556042]
 [0.61362915 0.38637085]
 [0.60648028 0.39351972]
 [0.62507201 0.37492799]
 [0.61530509 0.38469491]
 [0.62273225 0.37726775]
 [0.62507201 0.37492799]
 [0.59778677 0.40221323]
 [0.63684787 0.36315213]
 [0.62312827 0.37687173]
 [0.57816728 0.42183272]
 [0.60087706 0.39912294]
 [0.64673037 0.35326963]
 [0.6565129  0.3434871 ]
 [0.61855716 0.38144284]
 [0.63279599 0.36720401]
 [0.61276077 0.38723923]
 [0.63274694 0.36725306]
 [0.62789651 0.37210349]
 [0.42152095 0.57847905]
 [0.39657442 0.60342558]
 [0.42079723 0.57920277]
 [0.35134402 0.64865598]
 [0.3982862  0.6017138 ]
 [0.36924494 0.63075506]
 [0.40421726 0.59578274]
 [0.39428237 0.60571763]
 [0.40067677 0.59932323]
 [0.34058525 0.65941475]
 [0.40024696 0.59975304]
 [0.35848027 0.64151973]
 [0.36273021 0.63726979]
 [0.38942291 0.61057709]
 [0.26183007 0.73816993]
 [0.40298935 0.59701065]
 [0.37604686 0.62395314]
 [0.33158296 0.66841704]
 [0.3928894  0.6071106 ]
 [0.31816631 0.68183369]
 [0.40328019 0.59671981]
 [0.34315371 0.65684629]
 [0.40369379 0.59630621]
 [0.38722809 0.61277191]
 [0.38029836 0.61970164]
 [0.39665161 0.60334839]
 [0.41295688 0.58704312]
 [0.41829618 0.58170382]
 [0.37863729 0.62136271]
 [0.25247963 0.74752037]
 [0.32129699 0.67870301]
 [0.31202776 0.68797224]
 [0.31115009 0.68884991]
 [0.40683026 0.59316974]
 [0.37891041 0.62108959]
 [0.39390124 0.60609876]
 [0.41073532 0.58926468]
 [0.38700892 0.61299108]
 [0.33408114 0.66591886]
 [0.33660027 0.66339973]
 [0.36359833 0.63640167]
 [0.38547299 0.61452701]
 [0.32778    0.67222   ]
 [0.38717171 0.61282829]
 [0.34498229 0.65501771]
 [0.34186814 0.65813186]
 [0.34354595 0.65645405]
 [0.36948095 0.63051905]
 [0.40439002 0.59560998]
 [0.33333031 0.66666969]]
>>>>>>>>>>>>>>>>>>Iteracion 2

>>> Vector v de la clase Iris-setosa
[[5.26771485 3.25643571 2.21300529 0.53340247]]
>>> Vector v de la clase Iris-versicolor
[[5.66695193 2.93020399 3.5012894  1.0328693 ]]
>>> Matriz U
[[0.87005055 0.12994945]
 [0.85422218 0.14577782]
 [0.83751265 0.16248735]
 [0.84332013 0.15667987]
 [0.8618912  0.1381088 ]
 [0.86728105 0.13271895]
 [0.84227592 0.15772408]
 [0.88285143 0.11714857]
 [0.80255105 0.19744895]
 [0.86517749 0.13482251]
 [0.86544219 0.13455781]
 [0.87909473 0.12090527]
 [0.84205473 0.15794527]
 [0.77795839 0.22204161]
 [0.78372793 0.21627207]
 [0.76469307 0.23530693]
 [0.82985723 0.17014277]
 [0.87457575 0.12542425]
 [0.85017241 0.14982759]
 [0.86376406 0.13623594]
 [0.91116393 0.08883607]
 [0.87628384 0.12371616]
 [0.79909129 0.20090871]
 [0.93125207 0.06874793]
 [0.90413876 0.09586124]
 [0.88400411 0.11599589]
 [0.90596645 0.09403355]
 [0.88465074 0.11534926]
 [0.87434054 0.12565946]
 [0.86744208 0.13255792]
 [0.87452474 0.12547526]
 [0.89276139 0.10723861]
 [0.82063099 0.17936901]
 [0.79725303 0.20274697]
 [0.86517749 0.13482251]
 [0.8429682  0.1570318 ]
 [0.84776537 0.15223463]
 [0.86517749 0.13482251]
 [0.8021472  0.1978528 ]
 [0.88691066 0.11308934]
 [0.85789912 0.14210088]
 [0.74908417 0.25091583]
 [0.80928227 0.19071773]
 [0.89942789 0.10057211]
 [0.90197235 0.09802765]
 [0.85095001 0.14904999]
 [0.86920877 0.13079123]
 [0.83807271 0.16192729]
 [0.86908961 0.13091039]
 [0.87061559 0.12938441]
 [0.25606899 0.74393101]
 [0.19683523 0.80316477]
 [0.25563681 0.74436319]
 [0.13559993 0.86440007]
 [0.20354977 0.79645023]
 [0.14887943 0.85112057]
 [0.21485805 0.78514195]
 [0.28655521 0.71344479]
 [0.20798288 0.79201712]
 [0.1261842  0.8738158 ]
 [0.2711552  0.7288448 ]
 [0.12522758 0.87477242]
 [0.15005382 0.84994618]
 [0.18496557 0.81503443]
 [0.03050643 0.96949357]
 [0.2112784  0.7887216 ]
 [0.16191088 0.83808912]
 [0.08960071 0.91039929]
 [0.19964687 0.80035313]
 [0.08400334 0.91599666]
 [0.21637863 0.78362137]
 [0.10074788 0.89925212]
 [0.21991083 0.78008917]
 [0.18145115 0.81854885]
 [0.16415591 0.83584409]
 [0.1977587  0.8022413 ]
 [0.23793608 0.76206392]
 [0.25073758 0.74926242]
 [0.16277135 0.83722865]
 [0.04272244 0.95727756]
 [0.09993772 0.90006228]
 [0.09802837 0.90197163]
 [0.06220908 0.93779092]
 [0.22765759 0.77234241]
 [0.17132932 0.82867068]
 [0.19248862 0.80751138]
 [0.23028807 0.76971193]
 [0.18575061 0.81424939]
 [0.09218919 0.90781081]
 [0.10789447 0.89210553]
 [0.14548498 0.85451502]
 [0.17552413 0.82447587]
 [0.08482741 0.91517259]
 [0.27026648 0.72973352]
 [0.11072033 0.88927967]
 [0.10103935 0.89896065]
 [0.10377546 0.89622454]
 [0.14340681 0.85659319]
 [0.33100284 0.66899716]
 [0.08972452 0.91027548]]
>>>>>>>>>>>>>>>>>>Iteracion 3

>>> Vector v de la clase Iris-setosa
[[5.05368903 3.39111889 1.59368495 0.29329261]]
>>> Vector v de la clase Iris-versicolor
[[5.88418882 2.78736862 4.15017345 1.28241157]]
>>> Matriz U
[[0.99392855 0.00607145]
 [0.97765564 0.02234436]
 [0.97693537 0.02306463]
 [0.96994488 0.03005512]
 [0.99097064 0.00902936]
 [0.9536065  0.0463935 ]
 [0.97744907 0.02255093]
 [0.99781898 0.00218102]
 [0.9387307  0.0612693 ]
 [0.98397603 0.01602397]
 [0.9754803  0.0245197 ]
 [0.99213026 0.00786974]
 [0.97210275 0.02789725]
 [0.92971919 0.07028081]
 [0.91229523 0.08770477]
 [0.87759116 0.12240884]
 [0.95608458 0.04391542]
 [0.99468629 0.00531371]
 [0.93086225 0.06913775]
 [0.98183451 0.01816549]
 [0.98233171 0.01766829]
 [0.9874338  0.0125662 ]
 [0.95643131 0.04356869]
 [0.99146859 0.00853141]
 [0.97900455 0.02099545]
 [0.98100756 0.01899244]
 [0.99829802 0.00170198]
 [0.99449752 0.00550248]
 [0.99298137 0.00701863]
 [0.98191049 0.01808951]
 [0.98266519 0.01733481]
 [0.98360927 0.01639073]
 [0.94902316 0.05097684]
 [0.92361119 0.07638881]
 [0.98397603 0.01602397]
 [0.98158704 0.01841296]
 [0.97016512 0.02983488]
 [0.98397603 0.01602397]
 [0.94473586 0.05526414]
 [0.99785943 0.00214057]
 [0.99035875 0.00964125]
 [0.87654256 0.12345744]
 [0.95429858 0.04570142]
 [0.98699178 0.01300822]
 [0.96460627 0.03539373]
 [0.97452149 0.02547851]
 [0.98124265 0.01875735]
 [0.97338595 0.02661405]
 [0.98181271 0.01818729]
 [0.99416466 0.00583534]
 [0.10538203 0.89461797]
 [0.04904128 0.95095872]
 [0.09870199 0.90129801]
 [0.0474323  0.9525677 ]
 [0.04637673 0.95362327]
 [0.0150975  0.9849025 ]
 [0.06097648 0.93902352]
 [0.30312369 0.69687631]
 [0.05426169 0.94573831]
 [0.07269965 0.92730035]
 [0.23875021 0.76124979]
 [0.01034235 0.98965765]
 [0.05082556 0.94917444]
 [0.02982805 0.97017195]
 [0.06635287 0.93364713]
 [0.0659237  0.9340763 ]
 [0.0277653  0.9722347 ]
 [0.01225815 0.98774185]
 [0.04637426 0.95362574]
 [0.03540265 0.96459735]
 [0.06076547 0.93923453]
 [0.00836725 0.99163275]
 [0.05545173 0.94454827]
 [0.02899725 0.97100275]
 [0.0281968  0.9718032 ]
 [0.05162349 0.94837651]
 [0.07880285 0.92119715]
 [0.08903743 0.91096257]
 [0.01742907 0.98257093]
 [0.09941846 0.90058154]
 [0.06340121 0.93659879]
 [0.08660863 0.91339137]
 [0.01158406 0.98841594]
 [0.06244777 0.93755223]
 [0.04229369 0.95770631]
 [0.05247693 0.94752307]
 [0.07412996 0.92587004]
 [0.03908441 0.96091559]
 [0.01635519 0.98364481]
 [0.03143338 0.96856662]
 [0.02577248 0.97422752]
 [0.0260574  0.9739426 ]
 [0.00909365 0.99090635]
 [0.28350476 0.71649524]
 [0.01051332 0.98948668]
 [0.01068539 0.98931461]
 [0.00580216 0.99419784]
 [0.01348023 0.98651977]
 [0.37487039 0.62512961]
 [0.0045575  0.9954425 ]]
>>>>>>>>>>>>>>>>>>Iteracion 4

>>> Vector v de la clase Iris-setosa
[[5.00763397 3.40547272 1.48770268 0.25288806]]
>>> Vector v de la clase Iris-versicolor
[[5.95974344 2.786957   4.28919849 1.3332132 ]]
>>> Matriz U
[[9.97436937e-01 2.56306254e-03]
 [9.83026351e-01 1.69736488e-02]
 [9.85608277e-01 1.43917234e-02]
 [9.76720972e-01 2.32790276e-02]
 [9.95703490e-01 4.29651019e-03]
 [9.51500305e-01 4.84996952e-02]
 [9.85095695e-01 1.49043046e-02]
 [9.99706998e-01 2.93001546e-04]
 [9.50032317e-01 4.99676829e-02]
 [9.87941258e-01 1.20587424e-02]
 [9.76694441e-01 2.33055594e-02]
 [9.94312993e-01 5.68700691e-03]
 [9.79248405e-01 2.07515951e-02]
 [9.45283794e-01 5.47162063e-02]
 [9.20329948e-01 7.96700516e-02]
 [8.83666484e-01 1.16333516e-01]
 [9.61453190e-01 3.85468099e-02]
 [9.97438889e-01 2.56111084e-03]
 [9.28535090e-01 7.14649098e-02]
 [9.84548468e-01 1.54515316e-02]
 [9.77267036e-01 2.27329643e-02]
 [9.88678288e-01 1.13217123e-02]
 [9.70469567e-01 2.95304330e-02]
 [9.85246869e-01 1.47531310e-02]
 [9.75817751e-01 2.41822487e-02]
 [9.81383968e-01 1.86160321e-02]
 [9.96359865e-01 3.64013530e-03]
 [9.95206228e-01 4.79377212e-03]
 [9.95530223e-01 4.46977740e-03]
 [9.85395292e-01 1.46047080e-02]
 [9.84983051e-01 1.50169486e-02]
 [9.81527444e-01 1.84725558e-02]
 [9.55297227e-01 4.47027733e-02]
 [9.30509663e-01 6.94903371e-02]
 [9.87941258e-01 1.20587424e-02]
 [9.89387517e-01 1.06124830e-02]
 [9.74227640e-01 2.57723603e-02]
 [9.87941258e-01 1.20587424e-02]
 [9.56918932e-01 4.30810676e-02]
 [9.98870513e-01 1.12948741e-03]
 [9.95953808e-01 4.04619233e-03]
 [8.90753829e-01 1.09246171e-01]
 [9.66135049e-01 3.38649507e-02]
 [9.84788483e-01 1.52115169e-02]
 [9.59103621e-01 4.08963786e-02]
 [9.80274442e-01 1.97255576e-02]
 [9.82832266e-01 1.71677339e-02]
 [9.81560823e-01 1.84391768e-02]
 [9.83329411e-01 1.66705893e-02]
 [9.98000331e-01 1.99966922e-03]
 [8.35239976e-02 9.16476002e-01]
 [3.34706677e-02 9.66529332e-01]
 [7.57528728e-02 9.24247127e-01]
 [5.66915860e-02 9.43308414e-01]
 [2.92215573e-02 9.70778443e-01]
 [1.01690935e-02 9.89830907e-01]
 [4.28798985e-02 9.57120102e-01]
 [3.26854134e-01 6.73145866e-01]
 [3.69230818e-02 9.63076918e-01]
 [8.80699274e-02 9.11930073e-01]
 [2.56771146e-01 7.43228854e-01]
 [8.50941534e-03 9.91490585e-01]
 [5.49120983e-02 9.45087902e-01]
 [1.54764526e-02 9.84523547e-01]
 [9.11540087e-02 9.08845991e-01]
 [4.93918079e-02 9.50608192e-01]
 [2.16877406e-02 9.78312259e-01]
 [2.07081577e-02 9.79291842e-01]
 [3.39444663e-02 9.66055534e-01]
 [5.13986865e-02 9.48601313e-01]
 [4.39529413e-02 9.56047059e-01]
 [1.15272134e-02 9.88472787e-01]
 [3.67760938e-02 9.63223906e-01]
 [1.58946511e-02 9.84105349e-01]
 [1.82182685e-02 9.81781731e-01]
 [3.63973704e-02 9.63602630e-01]
 [5.77018509e-02 9.42298149e-01]
 [6.59714030e-02 9.34028597e-01]
 [7.24767376e-03 9.92752326e-01]
 [1.27250477e-01 8.72749523e-01]
 [8.21325333e-02 9.17867467e-01]
 [1.08873418e-01 8.91126582e-01]
 [2.51491557e-02 9.74850844e-01]
 [4.31849624e-02 9.56815038e-01]
 [3.78743882e-02 9.62125612e-01]
 [3.98701299e-02 9.60129870e-01]
 [5.37543384e-02 9.46245662e-01]
 [2.85344356e-02 9.71465564e-01]
 [2.44811415e-02 9.75518858e-01]
 [4.27680358e-02 9.57231964e-01]
 [2.62031526e-02 9.73796847e-01]
 [1.32617455e-02 9.86738255e-01]
 [1.87174466e-02 9.81282553e-01]
 [3.07388396e-01 6.92611604e-01]
 [1.54574655e-02 9.84542534e-01]
 [1.53339356e-02 9.84666064e-01]
 [9.62629577e-03 9.90373704e-01]
 [6.66904577e-03 9.93330954e-01]
 [3.98357064e-01 6.01642936e-01]
 [1.17839517e-02 9.88216048e-01]]
>>>>>>>>>>>>>>>>>>Iteracion 5

>>> Vector v de la clase Iris-setosa
[[5.00481286 3.40305073 1.48671698 0.25272882]]
>>> Vector v de la clase Iris-versicolor
[[5.97313232 2.7921044  4.303324   1.33823795]]
>>> Matriz U
[[9.97389523e-01 2.61047676e-03]
 [9.83452362e-01 1.65476379e-02]
 [9.86004883e-01 1.39951172e-02]
 [9.77296056e-01 2.27039441e-02]
 [9.95681927e-01 4.31807330e-03]
 [9.51433380e-01 4.85666199e-02]
 [9.85452523e-01 1.45474771e-02]
 [9.99714596e-01 2.85403580e-04]
 [9.51001702e-01 4.89982981e-02]
 [9.88264495e-01 1.17355054e-02]
 [9.76567929e-01 2.34320706e-02]
 [9.94467995e-01 5.53200493e-03]
 [9.79750407e-01 2.02495927e-02]
 [9.46210062e-01 5.37899384e-02]
 [9.20404040e-01 7.95959599e-02]
 [8.83775048e-01 1.16224952e-01]
 [9.61422494e-01 3.85775060e-02]
 [9.97387317e-01 2.61268287e-03]
 [9.28528231e-01 7.14717690e-02]
 [9.84468656e-01 1.55313443e-02]
 [9.77220707e-01 2.27792929e-02]
 [9.88596589e-01 1.14034112e-02]
 [9.70876054e-01 2.91239461e-02]
 [9.85357711e-01 1.46422894e-02]
 [9.76138169e-01 2.38618314e-02]
 [9.81775548e-01 1.82244522e-02]
 [9.96377700e-01 3.62230016e-03]
 [9.95103230e-01 4.89677049e-03]
 [9.95493018e-01 4.50698247e-03]
 [9.85792589e-01 1.42074109e-02]
 [9.85387166e-01 1.46128344e-02]
 [9.81482291e-01 1.85177087e-02]
 [9.55310239e-01 4.46897612e-02]
 [9.30535748e-01 6.94642524e-02]
 [9.88264495e-01 1.17355054e-02]
 [9.89623403e-01 1.03765973e-02]
 [9.74211673e-01 2.57883265e-02]
 [9.88264495e-01 1.17355054e-02]
 [9.57767355e-01 4.22326452e-02]
 [9.98832151e-01 1.16784894e-03]
 [9.95987056e-01 4.01294403e-03]
 [8.92383718e-01 1.07616282e-01]
 [9.66818850e-01 3.31811497e-02]
 [9.84873573e-01 1.51264272e-02]
 [9.59161057e-01 4.08389426e-02]
 [9.80777699e-01 1.92223010e-02]
 [9.82748709e-01 1.72512913e-02]
 [9.82037982e-01 1.79620177e-02]
 [9.83197609e-01 1.68023913e-02]
 [9.98087551e-01 1.91244935e-03]
 [8.10776279e-02 9.18922372e-01]
 [3.17136011e-02 9.68286399e-01]
 [7.33065310e-02 9.26693469e-01]
 [5.93005924e-02 9.40699408e-01]
 [2.75178771e-02 9.72482123e-01]
 [1.03073199e-02 9.89692680e-01]
 [4.09644483e-02 9.59035552e-01]
 [3.32845884e-01 6.67154116e-01]
 [3.50884705e-02 9.64911530e-01]
 [9.14954530e-02 9.08504547e-01]
 [2.61839027e-01 7.38160973e-01]
 [8.56961365e-03 9.91430386e-01]
 [5.65039714e-02 9.43496029e-01]
 [1.42216266e-02 9.85778373e-01]
 [9.49085578e-02 9.05091442e-01]
 [4.74662787e-02 9.52533721e-01]
 [2.16935428e-02 9.78306457e-01]
 [2.23005431e-02 9.77699457e-01]
 [3.34022042e-02 9.66597796e-01]
 [5.44391567e-02 9.45560843e-01]
 [4.25456867e-02 9.57454313e-01]
 [1.20651713e-02 9.87934829e-01]
 [3.52938692e-02 9.64706131e-01]
 [1.48417199e-02 9.85158280e-01]
 [1.71248407e-02 9.82875159e-01]
 [3.46720004e-02 9.65328000e-01]
 [5.55628803e-02 9.44437120e-01]
 [6.36485305e-02 9.36351469e-01]
 [6.45786719e-03 9.93542133e-01]
 [1.31783623e-01 8.68216377e-01]
 [8.58739594e-02 9.14126041e-01]
 [1.13162860e-01 8.86837140e-01]
 [2.72973866e-02 9.72702613e-01]
 [4.17398098e-02 9.58260190e-01]
 [3.83249852e-02 9.61675015e-01]
 [3.86204283e-02 9.61379572e-01]
 [5.15334893e-02 9.48466511e-01]
 [2.80274497e-02 9.71972550e-01]
 [2.59865925e-02 9.74013408e-01]
 [4.53598278e-02 9.54640172e-01]
 [2.73777195e-02 9.72622281e-01]
 [1.20707290e-02 9.87929271e-01]
 [2.05319636e-02 9.79468036e-01]
 [3.13319007e-01 6.86680993e-01]
 [1.68847525e-02 9.83115247e-01]
 [1.63055827e-02 9.83694417e-01]
 [1.05860758e-02 9.89413924e-01]
 [6.00361301e-03 9.93996387e-01]
 [4.04486861e-01 5.95513139e-01]
 [1.32126541e-02 9.86787346e-01]]
>>>>>>>>>>>>>>>>>>Iteracion 6

>>> Vector v de la clase Iris-setosa
[[5.00459739 3.40245446 1.48728633 0.25298087]]
>>> Vector v de la clase Iris-versicolor
[[5.975284   2.79307067 4.30541077 1.33897076]]
>>> Matriz U
[[9.97367793e-01 2.63220706e-03]
 [9.83514510e-01 1.64854896e-02]
 [9.86037112e-01 1.39628876e-02]
 [9.77378090e-01 2.26219104e-02]
 [9.95656778e-01 4.34322155e-03]
 [9.51452545e-01 4.85474551e-02]
 [9.85483335e-01 1.45166653e-02]
 [9.99714420e-01 2.85580179e-04]
 [9.51133576e-01 4.88664236e-02]
 [9.88315118e-01 1.16848817e-02]
 [9.76549580e-01 2.34504203e-02]
 [9.94495393e-01 5.50460673e-03]
 [9.79815800e-01 2.01842003e-02]
 [9.46302692e-01 5.36973084e-02]
 [9.20384912e-01 7.96150880e-02]
 [8.83779624e-01 1.16220376e-01]
 [9.61395861e-01 3.86041386e-02]
 [9.97369765e-01 2.63023517e-03]
 [9.28565553e-01 7.14344473e-02]
 [9.84447074e-01 1.55529259e-02]
 [9.77261075e-01 2.27389247e-02]
 [9.88584063e-01 1.14159369e-02]
 [9.70873011e-01 2.91269894e-02]
 [9.85434080e-01 1.45659204e-02]
 [9.76236998e-01 2.37630022e-02]
 [9.81865343e-01 1.81346574e-02]
 [9.96405351e-01 3.59464869e-03]
 [9.95090066e-01 4.90993395e-03]
 [9.95480580e-01 4.51941968e-03]
 [9.85860706e-01 1.41392936e-02]
 [9.85465061e-01 1.45349395e-02]
 [9.81501979e-01 1.84980210e-02]
 [9.55286260e-01 4.47137405e-02]
 [9.30513189e-01 6.94868111e-02]
 [9.88315118e-01 1.16848817e-02]
 [9.89629853e-01 1.03701467e-02]
 [9.74196643e-01 2.58033568e-02]
 [9.88315118e-01 1.16848817e-02]
 [9.57867905e-01 4.21320945e-02]
 [9.98829152e-01 1.17084766e-03]
 [9.95966889e-01 4.03311144e-03]
 [8.92632827e-01 1.07367173e-01]
 [9.66887709e-01 3.31122915e-02]
 [9.84917626e-01 1.50823744e-02]
 [9.59225617e-01 4.07743834e-02]
 [9.80852567e-01 1.91474333e-02]
 [9.82734450e-01 1.72655496e-02]
 [9.82090023e-01 1.79099771e-02]
 [9.83174897e-01 1.68251028e-02]
 [9.98090411e-01 1.90958919e-03]
 [8.07203296e-02 9.19279670e-01]
 [3.14496694e-02 9.68550331e-01]
 [7.29514414e-02 9.27048559e-01]
 [5.97595051e-02 9.40240495e-01]
 [2.72700186e-02 9.72729981e-01]
 [1.03474412e-02 9.89652559e-01]
 [4.06815983e-02 9.59318402e-01]
 [3.33934570e-01 6.66065430e-01]
 [3.48188105e-02 9.65181190e-01]
 [9.20891085e-02 9.07910891e-01]
 [2.62759127e-01 7.37240873e-01]
 [8.58459020e-03 9.91415410e-01]
 [5.67960253e-02 9.43203975e-01]
 [1.40414068e-02 9.85958593e-01]
 [9.55381335e-02 9.04461866e-01]
 [4.71796956e-02 9.52820304e-01]
 [2.17151320e-02 9.78284868e-01]
 [2.25661721e-02 9.77433828e-01]
 [3.33532646e-02 9.66646735e-01]
 [5.49542825e-02 9.45045717e-01]
 [4.23510231e-02 9.57648977e-01]
 [1.21538824e-02 9.87846118e-01]
 [3.50937005e-02 9.64906299e-01]
 [1.46945620e-02 9.85305438e-01]
 [1.69610258e-02 9.83038974e-01]
 [3.44148445e-02 9.65585155e-01]
 [5.52552497e-02 9.44744750e-01]
 [6.33145313e-02 9.36685469e-01]
 [6.34612270e-03 9.93653877e-01]
 [1.32559575e-01 8.67440425e-01]
 [8.65169673e-02 9.13483033e-01]
 [1.13902793e-01 8.86097207e-01]
 [2.76499236e-02 9.72350076e-01]
 [4.15483082e-02 9.58451692e-01]
 [3.84255913e-02 9.61574409e-01]
 [3.84386502e-02 9.61561350e-01]
 [5.12065551e-02 9.48793445e-01]
 [2.79774673e-02 9.72022533e-01]
 [2.62359259e-02 9.73764074e-01]
 [4.58045437e-02 9.54195456e-01]
 [2.75936382e-02 9.72406362e-01]
 [1.18958441e-02 9.88104156e-01]
 [2.08345996e-02 9.79165400e-01]
 [3.14393503e-01 6.85606497e-01]
 [1.71292082e-02 9.82870792e-01]
 [1.64664497e-02 9.83533550e-01]
 [1.07465067e-02 9.89253493e-01]
 [5.90364638e-03 9.94096354e-01]
 [4.05622390e-01 5.94377610e-01]
 [1.34488677e-02 9.86551132e-01]]
>>> Clasificacion de distancia vector [6.9, 3.1, 4.9, 1.5]
Distancia a la clase Iris-setosa: 16.885701070363336
Distancia a la clase Iris-versicolor: 1.328772069190364
La prediccion para la muestra es Iris-versicolor


KMEANS (Para la muestra TestIris03.txt): 

>>>>>>>>>>>>>>>>>>Iteracion 1

>>> Vector v de la clase Iris-setosa
[[5.48612883 3.16487236 2.81419842 0.77891924]]
>>> Vector v de la clase Iris-versicolor
[[5.43751446 3.0561721  2.8646105  0.78202711]]
>>> Matriz U
[[0.51838424 0.48161576]
 [0.5063923  0.4936077 ]
 [0.50789558 0.49210442]
 [0.50456666 0.49543334]
 [0.51834034 0.48165966]
 [0.5340921  0.4659079 ]
 [0.51015269 0.48984731]
 [0.51610496 0.48389504]
 [0.499981   0.500019  ]
 [0.50799008 0.49200992]
 [0.52622164 0.47377836]
 [0.51325045 0.48674955]
 [0.50509986 0.49490014]
 [0.50219441 0.49780559]
 [0.52510941 0.47489059]
 [0.53009616 0.46990384]
 [0.52568469 0.47431531]
 [0.51907745 0.48092255]
 [0.53521331 0.46478669]
 [0.52397647 0.47602353]
 [0.5253923  0.4746077 ]
 [0.52378663 0.47621337]
 [0.51124333 0.48875667]
 [0.51980674 0.48019326]
 [0.51388024 0.48611976]
 [0.50709072 0.49290928]
 [0.51833334 0.48166666]
 [0.52100176 0.47899824]
 [0.51814663 0.48185337]
 [0.50749823 0.49250177]
 [0.5066873  0.4933127 ]
 [0.52392572 0.47607428]
 [0.52485234 0.47514766]
 [0.52702393 0.47297607]
 [0.50799008 0.49200992]
 [0.51103439 0.48896561]
 [0.52157802 0.47842198]
 [0.50799008 0.49200992]
 [0.5020484  0.4979516 ]
 [0.51770386 0.48229614]
 [0.51666507 0.48333493]
 [0.49334052 0.50665948]
 [0.50487669 0.49512331]
 [0.52139667 0.47860333]
 [0.53233051 0.46766949]
 [0.50541662 0.49458338]
 [0.52448948 0.47551052]
 [0.50666877 0.49333123]
 [0.52501902 0.47498098]
 [0.51361892 0.48638108]
 [0.49909878 0.50090122]
 [0.49632707 0.50367293]
 [0.49726884 0.50273116]
 [0.46789381 0.53210619]
 [0.49225631 0.50774369]
 [0.4831225  0.5168775 ]
 [0.49641107 0.50358893]
 [0.44080764 0.55919236]
 [0.49385582 0.50614418]
 [0.46778617 0.53221383]
 [0.45423203 0.54576797]
 [0.48806158 0.51193842]
 [0.47378895 0.52621105]
 [0.48981947 0.51018053]
 [0.46936483 0.53063517]
 [0.49752691 0.50247309]
 [0.4862198  0.5137802 ]
 [0.47598821 0.52401179]
 [0.48398622 0.51601378]
 [0.46484651 0.53515349]
 [0.49302433 0.50697567]
 [0.48520971 0.51479029]
 [0.48872786 0.51127214]
 [0.48820107 0.51179893]
 [0.4921185  0.5078815 ]
 [0.49548787 0.50451213]
 [0.49432412 0.50567588]
 [0.49549789 0.50450211]
 [0.48856062 0.51143938]
 [0.45168276 0.54831724]
 [0.45935819 0.54064181]
 [0.45403497 0.54596503]
 [0.47387995 0.52612005]
 [0.48919256 0.51080744]
 [0.48468078 0.51531922]
 [0.49623944 0.50376056]
 [0.4966482  0.5033518 ]
 [0.48431522 0.51568478]
 [0.48140401 0.51859599]
 [0.46876846 0.53123154]
 [0.47678476 0.52321524]
 [0.49082844 0.50917156]
 [0.47401239 0.52598761]
 [0.44075471 0.55924529]
 [0.47662891 0.52337109]
 [0.48325774 0.51674226]
 [0.48169433 0.51830567]
 [0.48961442 0.51038558]
 [0.4268214  0.5731786 ]
 [0.47834229 0.52165771]]
>>>>>>>>>>>>>>>>>>Iteracion 2

>>> Vector v de la clase Iris-setosa
[[5.45702513 3.13072456 2.77664497 0.75190022]]
>>> Vector v de la clase Iris-versicolor
[[5.48423329 3.05710805 2.94619552 0.81778185]]
>>> Matriz U
[[0.55847826 0.44152174]
 [0.55225423 0.44774577]
 [0.54890223 0.45109777]
 [0.549521   0.450479  ]
 [0.55672038 0.44327962]
 [0.56558567 0.43441433]
 [0.55042018 0.44957982]
 [0.560444   0.439556  ]
 [0.54101503 0.45898497]
 [0.55491504 0.44508496]
 [0.5612768  0.4387232 ]
 [0.55895608 0.44104392]
 [0.54949931 0.45050069]
 [0.53716326 0.46283674]
 [0.54675899 0.45324101]
 [0.54590269 0.45409731]
 [0.55404307 0.44595693]
 [0.559582   0.440418  ]
 [0.56401102 0.43598898]
 [0.55940076 0.44059924]
 [0.57221874 0.42778126]
 [0.56177964 0.43822036]
 [0.54296131 0.45703869]
 [0.57437906 0.42562094]
 [0.5665854  0.4334146 ]
 [0.55942362 0.44057638]
 [0.56650429 0.43349571]
 [0.5627425  0.4372575 ]
 [0.5595607  0.4404393 ]
 [0.55517358 0.44482642]
 [0.55664866 0.44335134]
 [0.56650015 0.43349985]
 [0.55228263 0.44771737]
 [0.54942797 0.45057203]
 [0.55491504 0.44508496]
 [0.55094892 0.44905108]
 [0.5562254  0.4437746 ]
 [0.55491504 0.44508496]
 [0.54125349 0.45874651]
 [0.5619727  0.4380273 ]
 [0.55528621 0.44471379]
 [0.53109569 0.46890431]
 [0.543093   0.456907  ]
 [0.56647149 0.43352851]
 [0.57287631 0.42712369]
 [0.55125739 0.44874261]
 [0.56096824 0.43903176]
 [0.54879143 0.45120857]
 [0.56123146 0.43876854]
 [0.55711137 0.44288863]
 [0.46845301 0.53154699]
 [0.45804964 0.54195036]
 [0.4679176  0.5320824 ]
 [0.43502818 0.56497182]
 [0.45825752 0.54174248]
 [0.44520428 0.55479572]
 [0.46104171 0.53895829]
 [0.44122065 0.55877935]
 [0.45947464 0.54052536]
 [0.42973038 0.57026962]
 [0.44947703 0.55052297]
 [0.44161194 0.55838806]
 [0.44090111 0.55909889]
 [0.45435147 0.54564853]
 [0.39888389 0.60111611]
 [0.46081468 0.53918532]
 [0.44811323 0.55188677]
 [0.42929887 0.57070113]
 [0.45475371 0.54524629]
 [0.42162606 0.57837394]
 [0.46000848 0.53999152]
 [0.43531163 0.56468837]
 [0.45985722 0.54014278]
 [0.4532953  0.5467047 ]
 [0.45110768 0.54889232]
 [0.45803752 0.54196248]
 [0.46441448 0.53558552]
 [0.4666294  0.5333706 ]
 [0.44982802 0.55017198]
 [0.39148075 0.60851925]
 [0.4212936  0.5787064 ]
 [0.41614767 0.58385233]
 [0.42082392 0.57917608]
 [0.4610633  0.5389367 ]
 [0.44876889 0.55123111]
 [0.45668596 0.54331404]
 [0.46380501 0.53619499]
 [0.45255533 0.54744467]
 [0.43068184 0.56931816]
 [0.42948457 0.57051543]
 [0.44177646 0.55822354]
 [0.4529141  0.5470859 ]
 [0.42743738 0.57256262]
 [0.43902451 0.56097549]
 [0.43447347 0.56552653]
 [0.4342971  0.5657029 ]
 [0.43477396 0.56522604]
 [0.44647565 0.55352435]
 [0.43702149 0.56297851]
 [0.43024116 0.56975884]]
>>>>>>>>>>>>>>>>>>Iteracion 3

>>> Vector v de la clase Iris-setosa
[[5.38170265 3.17162094 2.56649091 0.67024462]]
>>> Vector v de la clase Iris-versicolor
[[5.55886334 3.01573702 3.15619224 0.8993141 ]]
>>> Matriz U
[[0.69432919 0.30567081]
 [0.68495185 0.31504815]
 [0.67261147 0.32738853]
 [0.67803036 0.32196964]
 [0.6886538  0.3113462 ]
 [0.70105789 0.29894211]
 [0.67608335 0.32391665]
 [0.70345421 0.29654579]
 [0.65301854 0.34698146]
 [0.69223204 0.30776796]
 [0.69459374 0.30540626]
 [0.70159323 0.29840677]
 [0.67673087 0.32326913]
 [0.63708263 0.36291737]
 [0.64429339 0.35570661]
 [0.63599902 0.36400098]
 [0.67094489 0.32905511]
 [0.69767764 0.30232236]
 [0.69234352 0.30765648]
 [0.69193898 0.30806102]
 [0.7308994  0.2691006 ]
 [0.7005791  0.2994209 ]
 [0.64842035 0.35157965]
 [0.74596937 0.25403063]
 [0.72549474 0.27450526]
 [0.70784749 0.29215251]
 [0.72209789 0.27790211]
 [0.70569709 0.29430291]
 [0.69782569 0.30217431]
 [0.69437711 0.30562289]
 [0.69980069 0.30019931]
 [0.71479324 0.28520676]
 [0.66530916 0.33469084]
 [0.65236035 0.34763965]
 [0.69223204 0.30776796]
 [0.67595339 0.32404661]
 [0.68183982 0.31816018]
 [0.69223204 0.30776796]
 [0.65188804 0.34811196]
 [0.70669956 0.29330044]
 [0.68569395 0.31430605]
 [0.62389976 0.37610024]
 [0.6556417  0.3443583 ]
 [0.71944384 0.28055616]
 [0.72795125 0.27204875]
 [0.68299496 0.31700504]
 [0.69632931 0.30367069]
 [0.6735727  0.3264273 ]
 [0.69613737 0.30386263]
 [0.69459041 0.30540959]
 [0.38114505 0.61885495]
 [0.34732814 0.65267186]
 [0.38145384 0.61854616]
 [0.30091824 0.69908176]
 [0.352208   0.647792  ]
 [0.31726813 0.68273187]
 [0.35830584 0.64169416]
 [0.364088   0.635912  ]
 [0.35436765 0.64563235]
 [0.28688864 0.71311136]
 [0.37078961 0.62921039]
 [0.30007785 0.69992215]
 [0.31193103 0.68806897]
 [0.34131891 0.65868109]
 [0.19022269 0.80977731]
 [0.35531846 0.64468154]
 [0.32499614 0.67500386]
 [0.27032758 0.72967242]
 [0.34933418 0.65066582]
 [0.25917435 0.74082565]
 [0.35925291 0.64074709]
 [0.28070062 0.71929938]
 [0.36212412 0.63787588]
 [0.33894385 0.66105615]
 [0.32672594 0.67327406]
 [0.34764438 0.65235562]
 [0.37179006 0.62820994]
 [0.3791391  0.6208609 ]
 [0.32719077 0.67280923]
 [0.18567679 0.81432321]
 [0.26557675 0.73442325]
 [0.25579708 0.74420292]
 [0.24602568 0.75397432]
 [0.36651416 0.63348584]
 [0.32969944 0.67030056]
 [0.34378652 0.65621348]
 [0.36726589 0.63273411]
 [0.34058993 0.65941007]
 [0.27155649 0.72844351]
 [0.28137901 0.71862099]
 [0.31288583 0.68711417]
 [0.33518591 0.66481409]
 [0.26698075 0.73301925]
 [0.35529941 0.64470059]
 [0.28837488 0.71162512]
 [0.28040872 0.71959128]
 [0.2837222  0.7162778 ]
 [0.31354637 0.68645363]
 [0.37473194 0.62526806]
 [0.27226896 0.72773104]]
>>>>>>>>>>>>>>>>>>Iteracion 4

>>> Vector v de la clase Iris-setosa
[[5.18976395 3.30538593 1.98675426 0.44548433]]
>>> Vector v de la clase Iris-versicolor
[[5.74657721 2.87605395 3.74118645 1.12583438]]
>>> Matriz U
[[0.94069704 0.05930296]
 [0.92397337 0.07602663]
 [0.91103454 0.08896546]
 [0.91336476 0.08663524]
 [0.93364276 0.06635724]
 [0.92401199 0.07598801]
 [0.91477767 0.08522233]
 [0.95149592 0.04850408]
 [0.87237702 0.12762298]
 [0.93413428 0.06586572]
 [0.93072773 0.06927227]
 [0.94691327 0.05308673]
 [0.91306788 0.08693212]
 [0.84986455 0.15013545]
 [0.84833245 0.15166755]
 [0.82265509 0.17734491]
 [0.8977906  0.1022094 ]
 [0.94427205 0.05572795]
 [0.90362591 0.09637409]
 [0.93177974 0.06822026]
 [0.96515043 0.03484957]
 [0.94286437 0.05713563]
 [0.87425131 0.12574869]
 [0.98222839 0.01777161]
 [0.95950343 0.04049657]
 [0.94662759 0.05337241]
 [0.96797896 0.03202104]
 [0.95144771 0.04855229]
 [0.94353733 0.05646267]
 [0.93512306 0.06487694]
 [0.94052654 0.05947346]
 [0.95315516 0.04684484]
 [0.88850764 0.11149236]
 [0.8623598  0.1376402 ]
 [0.93413428 0.06586572]
 [0.91654355 0.08345645]
 [0.91604166 0.08395834]
 [0.93413428 0.06586572]
 [0.8737748  0.1262252 ]
 [0.95437671 0.04562329]
 [0.93050906 0.06949094]
 [0.81160604 0.18839396]
 [0.8821666  0.1178334 ]
 [0.95915268 0.04084732]
 [0.95187973 0.04812027]
 [0.92054511 0.07945489]
 [0.93554435 0.06445565]
 [0.9104052  0.0895948 ]
 [0.93561756 0.06438244]
 [0.94138083 0.05861917]
 [0.18764892 0.81235108]
 [0.12290331 0.87709669]
 [0.18557883 0.81442117]
 [0.07679138 0.92320862]
 [0.12768107 0.87231893]
 [0.07510422 0.92489578]
 [0.14104902 0.85895098]
 [0.28213107 0.71786893]
 [0.13353358 0.86646642]
 [0.08012355 0.91987645]
 [0.24386001 0.75613999]
 [0.05564948 0.94435052]
 [0.08827739 0.91172261]
 [0.10783843 0.89216157]
 [0.01935021 0.98064979]
 [0.13949631 0.86050369]
 [0.08914846 0.91085154]
 [0.03135526 0.96864474]
 [0.1247535  0.8752465 ]
 [0.03705678 0.96294322]
 [0.14237713 0.85762287]
 [0.03740745 0.96259255]
 [0.1439541  0.8560459 ]
 [0.1048131  0.8951869 ]
 [0.09081366 0.90918634]
 [0.12442135 0.87557865]
 [0.16529568 0.83470432]
 [0.17891224 0.82108776]
 [0.08644627 0.91355373]
 [0.0434418  0.9565582 ]
 [0.05921354 0.94078646]
 [0.06832074 0.93167926]
 [0.01282893 0.98717107]
 [0.15240841 0.84759159]
 [0.10113601 0.89886399]
 [0.12051611 0.87948389]
 [0.1575076  0.8424924 ]
 [0.11136357 0.88863643]
 [0.03465619 0.96534381]
 [0.05139776 0.94860224]
 [0.07622781 0.92377219]
 [0.09911634 0.90088366]
 [0.02685081 0.97314919]
 [0.26317264 0.73682736]
 [0.04542886 0.95457114]
 [0.03857086 0.96142914]
 [0.03868343 0.96131657]
 [0.07022043 0.92977957]
 [0.34443095 0.65556905]
 [0.02841305 0.97158695]]
>>>>>>>>>>>>>>>>>>Iteracion 5

>>> Vector v de la clase Iris-setosa
[[5.02468302 3.40327086 1.52126476 0.26540492]]
>>> Vector v de la clase Iris-versicolor
[[5.92187728 2.78022136 4.23318303 1.31311228]]
>>> Matriz U
[[9.96758750e-01 3.24124971e-03]
 [9.81322190e-01 1.86778104e-02]
 [9.82925358e-01 1.70746420e-02]
 [9.74431594e-01 2.55684064e-02]
 [9.94625315e-01 5.37468474e-03]
 [9.52503709e-01 4.74962913e-02]
 [9.82754853e-01 1.72451468e-02]
 [9.99462244e-01 5.37756182e-04]
 [9.45958152e-01 5.40418475e-02]
 [9.86763173e-01 1.32368274e-02]
 [9.76778244e-01 2.32217565e-02]
 [9.93826663e-01 6.17333692e-03]
 [9.76929591e-01 2.30704087e-02]
 [9.39931173e-01 6.00688269e-02]
 [9.18142401e-01 8.18575988e-02]
 [8.82034371e-01 1.17965629e-01]
 [9.60179916e-01 3.98200841e-02]
 [9.96990496e-01 3.00950448e-03]
 [9.29559059e-01 7.04409412e-02]
 [9.84126594e-01 1.58734056e-02]
 [9.79139497e-01 2.08605029e-02]
 [9.88700865e-01 1.12991354e-02]
 [9.66108387e-01 3.38916126e-02]
 [9.87287204e-01 1.27127960e-02]
 [9.76745877e-01 2.32541225e-02]
 [9.81209063e-01 1.87909369e-02]
 [9.97237528e-01 2.76247168e-03]
 [9.95423149e-01 4.57685123e-03]
 [9.95134513e-01 4.86548687e-03]
 [9.84277047e-01 1.57229529e-02]
 [9.84211721e-01 1.57882788e-02]
 [9.82517347e-01 1.74826532e-02]
 [9.53699353e-01 4.63006471e-02]
 [9.28709038e-01 7.12909615e-02]
 [9.86763173e-01 1.32368274e-02]
 [9.87135522e-01 1.28644780e-02]
 [9.73352328e-01 2.66476717e-02]
 [9.86763173e-01 1.32368274e-02]
 [9.52697413e-01 4.73025870e-02]
 [9.98935168e-01 1.06483168e-03]
 [9.94563159e-01 5.43684127e-03]
 [8.85090629e-01 1.14909371e-01]
 [9.62184436e-01 3.78155645e-02]
 [9.85666207e-01 1.43337933e-02]
 [9.60971432e-01 3.90285680e-02]
 [9.78373171e-01 2.16268292e-02]
 [9.82751958e-01 1.72480422e-02]
 [9.78945412e-01 2.10545881e-02]
 [9.83326662e-01 1.66733377e-02]
 [9.97095200e-01 2.90480042e-03]
 [9.25522467e-02 9.07447753e-01]
 [3.97897506e-02 9.60210249e-01]
 [8.50621302e-02 9.14937870e-01]
 [5.07784292e-02 9.49221571e-01]
 [3.58854797e-02 9.64114520e-01]
 [1.11155338e-02 9.88884466e-01]
 [5.01103404e-02 9.49889660e-01]
 [3.13464731e-01 6.86535269e-01]
 [4.38300982e-02 9.56169902e-01]
 [7.95975679e-02 9.20402432e-01]
 [2.45826913e-01 7.54173087e-01]
 [8.73111765e-03 9.91268882e-01]
 [5.16988682e-02 9.48301132e-01]
 [2.07715491e-02 9.79228451e-01]
 [7.99164188e-02 9.20083581e-01]
 [5.62272878e-02 9.43772712e-01]
 [2.31439737e-02 9.76856026e-01]
 [1.62742853e-02 9.83725715e-01]
 [3.78372244e-02 9.62162776e-01]
 [4.31811970e-02 9.56818803e-01]
 [5.01811129e-02 9.49818887e-01]
 [9.82439621e-03 9.90175604e-01]
 [4.35896114e-02 9.56410389e-01]
 [2.05966179e-02 9.79403382e-01]
 [2.21371643e-02 9.77862836e-01]
 [4.25890735e-02 9.57410926e-01]
 [6.60718189e-02 9.33928181e-01]
 [7.51314582e-02 9.24868542e-01]
 [1.07918174e-02 9.89208183e-01]
 [1.14336735e-01 8.85663265e-01]
 [7.23711357e-02 9.27628864e-01]
 [9.75754503e-02 9.02424550e-01]
 [1.86673593e-02 9.81332641e-01]
 [5.01296141e-02 9.49870386e-01]
 [3.83538440e-02 9.61646156e-01]
 [4.47547285e-02 9.55245271e-01]
 [6.20215341e-02 9.37978466e-01]
 [3.18652461e-02 9.68134754e-01]
 [2.02556572e-02 9.79744343e-01]
 [3.63063539e-02 9.63693646e-01]
 [2.44176258e-02 9.75582374e-01]
 [1.80494665e-02 9.81950533e-01]
 [1.36662984e-02 9.86333702e-01]
 [2.93994086e-01 7.06005914e-01]
 [1.21218209e-02 9.87878179e-01]
 [1.26922383e-02 9.87307762e-01]
 [7.18936864e-03 9.92810631e-01]
 [9.15498933e-03 9.90845011e-01]
 [3.85093134e-01 6.14906866e-01]
 [7.84527057e-03 9.92154729e-01]]
>>>>>>>>>>>>>>>>>>Iteracion 6

>>> Vector v de la clase Iris-setosa
[[5.005837   3.40441589 1.48630164 0.25246769]]
>>> Vector v de la clase Iris-versicolor
[[5.96689288 2.78952074 4.29704285 1.33601001]]
>>> Matriz U
[[9.97428503e-01 2.57149670e-03]
 [9.83263387e-01 1.67366132e-02]
 [9.85859549e-01 1.41404511e-02]
 [9.77042817e-01 2.29571834e-02]
 [9.95717974e-01 4.28202611e-03]
 [9.51429235e-01 4.85707646e-02]
 [9.85319384e-01 1.46806158e-02]
 [9.99712786e-01 2.87214405e-04]
 [9.50582503e-01 4.94174967e-02]
 [9.88116963e-01 1.18830374e-02]
 [9.76624609e-01 2.33753907e-02]
 [9.94393278e-01 5.60672183e-03]
 [9.79537083e-01 2.04629170e-02]
 [9.45849640e-01 5.41503597e-02]
 [9.20408961e-01 7.95910393e-02]
 [8.83742746e-01 1.16257254e-01]
 [9.61463479e-01 3.85365213e-02]
 [9.97422339e-01 2.57766073e-03]
 [9.28487087e-01 7.15129133e-02]
 [9.84516167e-01 1.54838329e-02]
 [9.77185305e-01 2.28146952e-02]
 [9.88633635e-01 1.13663646e-02]
 [9.70770435e-01 2.92295655e-02]
 [9.85236136e-01 1.47638644e-02]
 [9.75933137e-01 2.40668626e-02]
 [9.81562656e-01 1.84373442e-02]
 [9.96339554e-01 3.66044613e-03]
 [9.95146943e-01 4.85305665e-03]
 [9.95518226e-01 4.48177448e-03]
 [9.85603846e-01 1.43961544e-02]
 [9.85184957e-01 1.48150434e-02]
 [9.81471292e-01 1.85287081e-02]
 [9.55336214e-01 4.46637861e-02]
 [9.30557186e-01 6.94428135e-02]
 [9.88116963e-01 1.18830374e-02]
 [9.89552488e-01 1.04475123e-02]
 [9.74234842e-01 2.57651576e-02]
 [9.88116963e-01 1.18830374e-02]
 [9.57418333e-01 4.25816669e-02]
 [9.98846176e-01 1.15382399e-03]
 [9.96002384e-01 3.99761563e-03]
 [8.91646081e-01 1.08353919e-01]
 [9.66552128e-01 3.34478724e-02]
 [9.84797616e-01 1.52023841e-02]
 [9.59068303e-01 4.09316966e-02]
 [9.80552546e-01 1.94474543e-02]
 [9.82788476e-01 1.72115243e-02]
 [9.81847101e-01 1.81528993e-02]
 [9.83260744e-01 1.67392559e-02]
 [9.98060770e-01 1.93923031e-03]
 [8.21703615e-02 9.17829639e-01]
 [3.25067395e-02 9.67493261e-01]
 [7.43947962e-02 9.25605204e-01]
 [5.80402801e-02 9.41959720e-01]
 [2.82753803e-02 9.71724620e-01]
 [1.02174749e-02 9.89782525e-01]
 [4.18216205e-02 9.58178380e-01]
 [3.29920277e-01 6.70079723e-01]
 [3.59087379e-02 9.64091262e-01]
 [8.98538284e-02 9.10146172e-01]
 [2.59362014e-01 7.40637986e-01]
 [8.53536922e-03 9.91464631e-01]
 [5.57221941e-02 9.44277806e-01]
 [1.47744432e-02 9.85225557e-01]
 [9.31436592e-02 9.06856341e-01]
 [4.83339457e-02 9.51666054e-01]
 [2.16619789e-02 9.78338021e-01]
 [2.15510540e-02 9.78448946e-01]
 [3.36036720e-02 9.66396328e-01]
 [5.29980444e-02 9.47001956e-01]
 [4.31566196e-02 9.56843380e-01]
 [1.18159799e-02 9.88184020e-01]
 [3.59308871e-02 9.64069113e-01]
 [1.53000885e-02 9.84699911e-01]
 [1.76189554e-02 9.82381045e-01]
 [3.54493903e-02 9.64550610e-01]
 [5.65102863e-02 9.43489714e-01]
 [6.46764104e-02 9.35323590e-01]
 [6.80320801e-03 9.93196792e-01]
 [1.29633496e-01 8.70366504e-01]
 [8.40897087e-02 9.15910291e-01]
 [1.11115712e-01 8.88884288e-01]
 [2.62951516e-02 9.73704848e-01]
 [4.23550332e-02 9.57644967e-01]
 [3.80773179e-02 9.61922682e-01]
 [3.91765407e-02 9.60823459e-01]
 [5.25272560e-02 9.47472744e-01]
 [2.82222528e-02 9.71777747e-01]
 [2.52799423e-02 9.74720058e-01]
 [4.41222064e-02 9.55877794e-01]
 [2.67953834e-02 9.73204617e-01]
 [1.26009060e-02 9.87399094e-01]
 [1.96778793e-02 9.80322121e-01]
 [3.10427018e-01 6.89572982e-01]
 [1.62021905e-02 9.83797810e-01]
 [1.58492872e-02 9.84150713e-01]
 [1.01326087e-02 9.89867391e-01]
 [6.30428376e-03 9.93695716e-01]
 [4.01472194e-01 5.98527806e-01]
 [1.25418431e-02 9.87458157e-01]]
>>>>>>>>>>>>>>>>>>Iteracion 7

>>> Vector v de la clase Iris-setosa
[[5.00468529 3.40274125 1.48698616 0.25284985]]
>>> Vector v de la clase Iris-versicolor
[[5.97427387 2.79261175 4.30443291 1.33862806]]
>>> Matriz U
[[9.97378540e-01 2.62146030e-03]
 [9.83485777e-01 1.65142234e-02]
 [9.86023547e-01 1.39764528e-02]
 [9.77340260e-01 2.26597402e-02]
 [9.95669466e-01 4.33053432e-03]
 [9.51441578e-01 4.85584216e-02]
 [9.85470174e-01 1.45298263e-02]
 [9.99714577e-01 2.85423311e-04]
 [9.51072975e-01 4.89270250e-02]
 [9.88291557e-01 1.17084433e-02]
 [9.76557704e-01 2.34422957e-02]
 [9.94482503e-01 5.51749721e-03]
 [9.79785966e-01 2.02140339e-02]
 [9.46261896e-01 5.37381036e-02]
 [9.20394544e-01 7.96054561e-02]
 [8.83777095e-01 1.16222905e-01]
 [9.61408840e-01 3.85911599e-02]
 [9.97378328e-01 2.62167160e-03]
 [9.28545498e-01 7.14545023e-02]
 [9.84457325e-01 1.55426748e-02]
 [9.77239680e-01 2.27603200e-02]
 [9.88589692e-01 1.14103082e-02]
 [9.70877481e-01 2.91225195e-02]
 [9.85395542e-01 1.46044583e-02]
 [9.76188499e-01 2.38115006e-02]
 [9.81822113e-01 1.81778869e-02]
 [9.96391251e-01 3.60874854e-03]
 [9.95095945e-01 4.90405534e-03]
 [9.95486611e-01 4.51338907e-03]
 [9.85828719e-01 1.41712807e-02]
 [9.85428098e-01 1.45719021e-02]
 [9.81491254e-01 1.85087459e-02]
 [9.55298194e-01 4.47018065e-02]
 [9.30524281e-01 6.94757190e-02]
 [9.88291557e-01 1.17084433e-02]
 [9.89628284e-01 1.03717165e-02]
 [9.74203912e-01 2.57960882e-02]
 [9.88291557e-01 1.17084433e-02]
 [9.57822519e-01 4.21774813e-02]
 [9.98830379e-01 1.16962132e-03]
 [9.95977450e-01 4.02254967e-03]
 [8.92516618e-01 1.07483382e-01]
 [9.66857399e-01 3.31426015e-02]
 [9.84895468e-01 1.51045318e-02]
 [9.59192396e-01 4.08076043e-02]
 [9.80817877e-01 1.91821231e-02]
 [9.82740898e-01 1.72591021e-02]
 [9.82066879e-01 1.79331212e-02]
 [9.83185300e-01 1.68147003e-02]
 [9.98089616e-01 1.91038409e-03]
 [8.08867248e-02 9.19113275e-01]
 [3.15730029e-02 9.68426997e-01]
 [7.31168545e-02 9.26883145e-01]
 [5.95420130e-02 9.40457987e-01]
 [2.73855922e-02 9.72614408e-01]
 [1.03280914e-02 9.89671909e-01]
 [4.08136740e-02 9.59186326e-01]
 [3.33416695e-01 6.66583305e-01]
 [3.49445817e-02 9.65055418e-01]
 [9.18079813e-02 9.08192019e-01]
 [2.62321705e-01 7.37678295e-01]
 [8.57730642e-03 9.91422694e-01]
 [5.66569455e-02 9.43343055e-01]
 [1.41255158e-02 9.85874484e-01]
 [9.52401268e-02 9.04759873e-01]
 [4.73133351e-02 9.52686665e-01]
 [2.17043850e-02 9.78295615e-01]
 [2.24406683e-02 9.77559332e-01]
 [3.33748888e-02 9.66625111e-01]
 [5.47106388e-02 9.45289361e-01]
 [4.24415410e-02 9.57558459e-01]
 [1.21117793e-02 9.87888221e-01]
 [3.51865530e-02 9.64813447e-01]
 [1.47630830e-02 9.85236917e-01]
 [1.70374534e-02 9.82962547e-01]
 [3.45348219e-02 9.65465178e-01]
 [5.53984673e-02 9.44601533e-01]
 [6.34701058e-02 9.36529894e-01]
 [6.39823879e-03 9.93601761e-01]
 [1.32191634e-01 8.67808366e-01]
 [8.62124756e-02 9.13787524e-01]
 [1.13552169e-01 8.86447831e-01]
 [2.74834724e-02 9.72516528e-01]
 [4.16370838e-02 9.58362916e-01]
 [3.83773958e-02 9.61622604e-01]
 [3.85233941e-02 9.61476606e-01]
 [5.13590570e-02 9.48640943e-01]
 [2.79997431e-02 9.72000257e-01]
 [2.61182490e-02 9.73881751e-01]
 [4.55941628e-02 9.54405837e-01]
 [2.74912120e-02 9.72508788e-01]
 [1.19775826e-02 9.88022417e-01]
 [2.06916245e-02 9.79308376e-01]
 [3.13882471e-01 6.86117529e-01]
 [1.70136970e-02 9.82986303e-01]
 [1.63905456e-02 9.83609454e-01]
 [1.06708106e-02 9.89329189e-01]
 [5.95032537e-03 9.94049675e-01]
 [4.05081035e-01 5.94918965e-01]
 [1.33374376e-02 9.86662562e-01]]
>>>>>>>>>>>>>>>>>>Iteracion 8

>>> Vector v de la clase Iris-setosa
[[5.00458365 3.40239921 1.48734939 0.25300805]]
>>> Vector v de la clase Iris-versicolor
[[5.97547226 2.79315731 4.30559319 1.33903451]]
>>> Matriz U
[[9.97365663e-01 2.63433712e-03]
 [9.83519801e-01 1.64801990e-02]
 [9.86039327e-01 1.39606731e-02]
 [9.77385031e-01 2.26149690e-02]
 [9.95654214e-01 4.34578649e-03]
 [9.51454983e-01 4.85450165e-02]
 [9.85485525e-01 1.45144753e-02]
 [9.99714374e-01 2.85625668e-04]
 [9.51144645e-01 4.88553553e-02]
 [9.88319490e-01 1.16805098e-02]
 [9.76548145e-01 2.34518546e-02]
 [9.94497812e-01 5.50218796e-03]
 [9.79821207e-01 2.01787926e-02]
 [9.46309761e-01 5.36902392e-02]
 [9.20382949e-01 7.96170510e-02]
 [8.83780147e-01 1.16219853e-01]
 [9.61393312e-01 3.86066879e-02]
 [9.97368089e-01 2.63191051e-03]
 [9.28569809e-01 7.14301907e-02]
 [9.84445116e-01 1.55548838e-02]
 [9.77265580e-01 2.27344197e-02]
 [9.88583050e-01 1.14169496e-02]
 [9.70871531e-01 2.91284691e-02]
 [9.85441850e-01 1.45581495e-02]
 [9.76246510e-01 2.37534904e-02]
 [9.81873663e-01 1.81263370e-02]
 [9.96408222e-01 3.59177776e-03]
 [9.95089022e-01 4.91097775e-03]
 [9.95479408e-01 4.52059234e-03]
 [9.85866699e-01 1.41333014e-02]
 [9.85472066e-01 1.45279340e-02]
 [9.81504287e-01 1.84957133e-02]
 [9.55283861e-01 4.47161386e-02]
 [9.30510981e-01 6.94890190e-02]
 [9.88319490e-01 1.16805098e-02]
 [9.89629843e-01 1.03701567e-02]
 [9.74195226e-01 2.58047738e-02]
 [9.88319490e-01 1.16805098e-02]
 [9.57876020e-01 4.21239801e-02]
 [9.98828959e-01 1.17104130e-03]
 [9.95964679e-01 4.03532090e-03]
 [8.92654411e-01 1.07345589e-01]
 [9.66892959e-01 3.31070410e-02]
 [9.84922073e-01 1.50779266e-02]
 [9.59232421e-01 4.07675790e-02]
 [9.80858969e-01 1.91410312e-02]
 [9.82733280e-01 1.72667196e-02]
 [9.82094088e-01 1.79059118e-02]
 [9.83172990e-01 1.68270096e-02]
 [9.98090446e-01 1.90955367e-03]
 [8.06895790e-02 9.19310421e-01]
 [3.14267837e-02 9.68573216e-01]
 [7.29208508e-02 9.27079149e-01]
 [5.98005155e-02 9.40199485e-01]
 [2.72486183e-02 9.72751382e-01]
 [1.03511361e-02 9.89648864e-01]
 [4.06570988e-02 9.59342901e-01]
 [3.34032701e-01 6.65967299e-01]
 [3.47955224e-02 9.65204478e-01]
 [9.21420764e-02 9.07857924e-01]
 [2.62841942e-01 7.37158058e-01]
 [8.58600482e-03 9.91413995e-01]
 [5.68224106e-02 9.43177589e-01]
 [1.40258005e-02 9.85974199e-01]
 [9.55943093e-02 9.04405691e-01]
 [4.71549703e-02 9.52845030e-01]
 [2.17172406e-02 9.78282759e-01]
 [2.25897698e-02 9.77410230e-01]
 [3.33495019e-02 9.66650498e-01]
 [5.50001420e-02 9.44999858e-01]
 [4.23342927e-02 9.57665707e-01]
 [1.21618613e-02 9.87838139e-01]
 [3.50765902e-02 9.64923410e-01]
 [1.46818792e-02 9.85318121e-01]
 [1.69468821e-02 9.83053118e-01]
 [3.43926320e-02 9.65607368e-01]
 [5.52287815e-02 9.44771218e-01]
 [6.32857527e-02 9.36714247e-01]
 [6.33645719e-03 9.93663543e-01]
 [1.32629076e-01 8.67370924e-01]
 [8.65743575e-02 9.13425642e-01]
 [1.13968940e-01 8.86031060e-01]
 [2.76812065e-02 9.72318794e-01]
 [4.15319483e-02 9.58468052e-01]
 [3.84347567e-02 9.61565243e-01]
 [3.84229584e-02 9.61577042e-01]
 [5.11783112e-02 9.48821689e-01]
 [2.79735595e-02 9.72026440e-01]
 [2.62580171e-02 9.73741983e-01]
 [4.58441345e-02 9.54155865e-01]
 [2.76129473e-02 9.72387053e-01]
 [1.18806576e-02 9.88119342e-01]
 [2.08614793e-02 9.79138521e-01]
 [3.14490320e-01 6.85509680e-01]
 [1.71509072e-02 9.82849093e-01]
 [1.64806936e-02 9.83519306e-01]
 [1.07607064e-02 9.89239294e-01]
 [5.89499834e-03 9.94105002e-01]
 [4.05725253e-01 5.94274747e-01]
 [1.34697738e-02 9.86530226e-01]]
>>> Clasificacion de distancia vector [5.0, 3.4, 1.5, 0.2]
Distancia a la clase Iris-setosa: 0.0029966570001913593
Distancia a la clase Iris-versicolor: 10.48855692974208
La prediccion para la muestra es Iris-setosa


